==654823== Memcheck, a memory error detector
==654823== Copyright (C) 2002-2017, and GNU GPL'd, by Julian Seward et al.
==654823== Using Valgrind-3.18.1 and LibVEX; rerun with -h for copyright info
==654823== Command: ./ircserv 8088 memtest
==654823== Parent PID: 654822
==654823== 
==654823== 
==654823== Process terminating with default action of signal 15 (SIGTERM)
==654823==    at 0x4CBCB97: poll (poll.c:29)
==654823==    by 0x405825: Server::run() (in /home/aryamamo/ft_irc/ircserv)
==654823==    by 0x403AAE: main (in /home/aryamamo/ft_irc/ircserv)
==654823== 
==654823== HEAP SUMMARY:
==654823==     in use at exit: 337,086 bytes in 2,016 blocks
==654823==   total heap usage: 41,772 allocs, 39,756 frees, 2,375,242 bytes allocated
==654823== 
==654823== 1,024 bytes in 1 blocks are still reachable in loss record 1 of 10
==654823==    at 0x4849013: operator new(unsigned long) (in /usr/libexec/valgrind/vgpreload_memcheck-amd64-linux.so)
==654823==    by 0x4090BF: std::__new_allocator<pollfd>::allocate(unsigned long, void const*) (in /home/aryamamo/ft_irc/ircserv)
==654823==    by 0x409050: __gnu_cxx::__alloc_traits<std::allocator<pollfd>, pollfd>::allocate(std::allocator<pollfd>&, unsigned long) (in /home/aryamamo/ft_irc/ircserv)
==654823==    by 0x408E6F: std::_Vector_base<pollfd, std::allocator<pollfd> >::_M_allocate(unsigned long) (in /home/aryamamo/ft_irc/ircserv)
==654823==    by 0x408A5B: std::vector<pollfd, std::allocator<pollfd> >::_M_realloc_insert(__gnu_cxx::__normal_iterator<pollfd*, std::vector<pollfd, std::allocator<pollfd> > >, pollfd const&) (in /home/aryamamo/ft_irc/ircserv)
==654823==    by 0x4066CC: std::vector<pollfd, std::allocator<pollfd> >::push_back(pollfd const&) (in /home/aryamamo/ft_irc/ircserv)
==654823==    by 0x405705: Server::acceptNewClient() (in /home/aryamamo/ft_irc/ircserv)
==654823==    by 0x40596E: Server::run() (in /home/aryamamo/ft_irc/ircserv)
==654823==    by 0x403AAE: main (in /home/aryamamo/ft_irc/ircserv)
==654823== 
==654823== 4,096 bytes in 1 blocks are still reachable in loss record 2 of 10
==654823==    at 0x4848899: malloc (in /usr/libexec/valgrind/vgpreload_memcheck-amd64-linux.so)
==654823==    by 0x4C22BA3: _IO_file_doallocate (filedoalloc.c:101)
==654823==    by 0x4C31CDF: _IO_doallocbuf (genops.c:347)
==654823==    by 0x4C30F5F: _IO_file_overflow@@GLIBC_2.2.5 (fileops.c:744)
==654823==    by 0x4C2F6D4: _IO_new_file_xsputn (fileops.c:1243)
==654823==    by 0x4C2F6D4: _IO_file_xsputn@@GLIBC_2.2.5 (fileops.c:1196)
==654823==    by 0x4C23FD6: fwrite (iofwrite.c:39)
==654823==    by 0x49ADB64: std::basic_ostream<char, std::char_traits<char> >& std::__ostream_insert<char, std::char_traits<char> >(std::basic_ostream<char, std::char_traits<char> >&, char const*, long) (in /usr/lib/x86_64-linux-gnu/libstdc++.so.6.0.30)
==654823==    by 0x49ADEBA: std::basic_ostream<char, std::char_traits<char> >& std::operator<< <std::char_traits<char> >(std::basic_ostream<char, std::char_traits<char> >&, char const*) (in /usr/lib/x86_64-linux-gnu/libstdc++.so.6.0.30)
==654823==    by 0x4060EC: Server::Server(ServerConfig const&) (in /home/aryamamo/ft_irc/ircserv)
==654823==    by 0x403A9D: main (in /home/aryamamo/ft_irc/ircserv)
==654823== 
==654823== 7,344 bytes in 102 blocks are still reachable in loss record 3 of 10
==654823==    at 0x4849013: operator new(unsigned long) (in /usr/libexec/valgrind/vgpreload_memcheck-amd64-linux.so)
==654823==    by 0x40891C: std::__new_allocator<std::_Rb_tree_node<std::pair<int const, std::__cxx11::basic_string<char, std::char_traits<char>, std::allocator<char> > > > >::allocate(unsigned long, void const*) (in /home/aryamamo/ft_irc/ircserv)
==654823==    by 0x4088B0: __gnu_cxx::__alloc_traits<std::allocator<std::_Rb_tree_node<std::pair<int const, std::__cxx11::basic_string<char, std::char_traits<char>, std::allocator<char> > > > >, std::_Rb_tree_node<std::pair<int const, std::__cxx11::basic_string<char, std::char_traits<char>, std::allocator<char> > > > >::allocate(std::allocator<std::_Rb_tree_node<std::pair<int const, std::__cxx11::basic_string<char, std::char_traits<char>, std::allocator<char> > > > >&, unsigned long) (in /home/aryamamo/ft_irc/ircserv)
==654823==    by 0x408791: std::_Rb_tree<int, std::pair<int const, std::__cxx11::basic_string<char, std::char_traits<char>, std::allocator<char> > >, std::_Select1st<std::pair<int const, std::__cxx11::basic_string<char, std::char_traits<char>, std::allocator<char> > > >, std::less<int>, std::allocator<std::pair<int const, std::__cxx11::basic_string<char, std::char_traits<char>, std::allocator<char> > > > >::_M_get_node() (in /home/aryamamo/ft_irc/ircserv)
==654823==    by 0x40874C: std::_Rb_tree<int, std::pair<int const, std::__cxx11::basic_string<char, std::char_traits<char>, std::allocator<char> > >, std::_Select1st<std::pair<int const, std::__cxx11::basic_string<char, std::char_traits<char>, std::allocator<char> > > >, std::less<int>, std::allocator<std::pair<int const, std::__cxx11::basic_string<char, std::char_traits<char>, std::allocator<char> > > > >::_M_create_node(std::pair<int const, std::__cxx11::basic_string<char, std::char_traits<char>, std::allocator<char> > > const&) (in /home/aryamamo/ft_irc/ircserv)
==654823==    by 0x40871F: std::_Rb_tree_node<std::pair<int const, std::__cxx11::basic_string<char, std::char_traits<char>, std::allocator<char> > > >* std::_Rb_tree<int, std::pair<int const, std::__cxx11::basic_string<char, std::char_traits<char>, std::allocator<char> > >, std::_Select1st<std::pair<int const, std::__cxx11::basic_string<char, std::char_traits<char>, std::allocator<char> > > >, std::less<int>, std::allocator<std::pair<int const, std::__cxx11::basic_string<char, std::char_traits<char>, std::allocator<char> > > > >::_Alloc_node::operator()<std::pair<int const, std::__cxx11::basic_string<char, std::char_traits<char>, std::allocator<char> > > >(std::pair<int const, std::__cxx11::basic_string<char, std::char_traits<char>, std::allocator<char> > > const&) const (in /home/aryamamo/ft_irc/ircserv)
==654823==    by 0x4083F3: std::_Rb_tree_iterator<std::pair<int const, std::__cxx11::basic_string<char, std::char_traits<char>, std::allocator<char> > > > std::_Rb_tree<int, std::pair<int const, std::__cxx11::basic_string<char, std::char_traits<char>, std::allocator<char> > >, std::_Select1st<std::pair<int const, std::__cxx11::basic_string<char, std::char_traits<char>, std::allocator<char> > > >, std::less<int>, std::allocator<std::pair<int const, std::__cxx11::basic_string<char, std::char_traits<char>, std::allocator<char> > > > >::_M_insert_<std::_Rb_tree<int, std::pair<int const, std::__cxx11::basic_string<char, std::char_traits<char>, std::allocator<char> > >, std::_Select1st<std::pair<int const, std::__cxx11::basic_string<char, std::char_traits<char>, std::allocator<char> > > >, std::less<int>, std::allocator<std::pair<int const, std::__cxx11::basic_string<char, std::char_traits<char>, std::allocator<char> > > > >::_Alloc_node>(std::_Rb_tree_node_base*, std::_Rb_tree_node_base*, std::pair<int const, std::__cxx11::basic_string<char, std::char_traits<char>, std::allocator<char> > > const&, std::_Rb_tree<int, std::pair<int const, std::__cxx11::basic_string<char, std::char_traits<char>, std::allocator<char> > >, std::_Select1st<std::pair<int const, std::__cxx11::basic_string<char, std::char_traits<char>, std::allocator<char> > > >, std::less<int>, std::allocator<std::pair<int const, std::__cxx11::basic_string<char, std::char_traits<char>, std::allocator<char> > > > >::_Alloc_node&) (in /home/aryamamo/ft_irc/ircserv)
==654823==    by 0x407FA0: std::_Rb_tree_iterator<std::pair<int const, std::__cxx11::basic_string<char, std::char_traits<char>, std::allocator<char> > > > std::_Rb_tree<int, std::pair<int const, std::__cxx11::basic_string<char, std::char_traits<char>, std::allocator<char> > >, std::_Select1st<std::pair<int const, std::__cxx11::basic_string<char, std::char_traits<char>, std::allocator<char> > > >, std::less<int>, std::allocator<std::pair<int const, std::__cxx11::basic_string<char, std::char_traits<char>, std::allocator<char> > > > >::_M_insert_unique_<std::_Rb_tree<int, std::pair<int const, std::__cxx11::basic_string<char, std::char_traits<char>, std::allocator<char> > >, std::_Select1st<std::pair<int const, std::__cxx11::basic_string<char, std::char_traits<char>, std::allocator<char> > > >, std::less<int>, std::allocator<std::pair<int const, std::__cxx11::basic_string<char, std::char_traits<char>, std::allocator<char> > > > >::_Alloc_node>(std::_Rb_tree_const_iterator<std::pair<int const, std::__cxx11::basic_string<char, std::char_traits<char>, std::allocator<char> > > >, std::pair<int const, std::__cxx11::basic_string<char, std::char_traits<char>, std::allocator<char> > > const&, std::_Rb_tree<int, std::pair<int const, std::__cxx11::basic_string<char, std::char_traits<char>, std::allocator<char> > >, std::_Select1st<std::pair<int const, std::__cxx11::basic_string<char, std::char_traits<char>, std::allocator<char> > > >, std::less<int>, std::allocator<std::pair<int const, std::__cxx11::basic_string<char, std::char_traits<char>, std::allocator<char> > > > >::_Alloc_node&) (in /home/aryamamo/ft_irc/ircserv)
==654823==    by 0x407F01: std::_Rb_tree<int, std::pair<int const, std::__cxx11::basic_string<char, std::char_traits<char>, std::allocator<char> > >, std::_Select1st<std::pair<int const, std::__cxx11::basic_string<char, std::char_traits<char>, std::allocator<char> > > >, std::less<int>, std::allocator<std::pair<int const, std::__cxx11::basic_string<char, std::char_traits<char>, std::allocator<char> > > > >::_M_insert_unique_(std::_Rb_tree_const_iterator<std::pair<int const, std::__cxx11::basic_string<char, std::char_traits<char>, std::allocator<char> > > >, std::pair<int const, std::__cxx11::basic_string<char, std::char_traits<char>, std::allocator<char> > > const&) (in /home/aryamamo/ft_irc/ircserv)
==654823==    by 0x407E09: std::map<int, std::__cxx11::basic_string<char, std::char_traits<char>, std::allocator<char> >, std::less<int>, std::allocator<std::pair<int const, std::__cxx11::basic_string<char, std::char_traits<char>, std::allocator<char> > > > >::insert(std::_Rb_tree_iterator<std::pair<int const, std::__cxx11::basic_string<char, std::char_traits<char>, std::allocator<char> > > >, std::pair<int const, std::__cxx11::basic_string<char, std::char_traits<char>, std::allocator<char> > > const&) (in /home/aryamamo/ft_irc/ircserv)
==654823==    by 0x40659C: std::map<int, std::__cxx11::basic_string<char, std::char_traits<char>, std::allocator<char> >, std::less<int>, std::allocator<std::pair<int const, std::__cxx11::basic_string<char, std::char_traits<char>, std::allocator<char> > > > >::operator[](int const&) (in /home/aryamamo/ft_irc/ircserv)
==654823==    by 0x4053BE: Server::handleClient(int) (in /home/aryamamo/ft_irc/ircserv)
==654823== 
==654823== 7,344 bytes in 102 blocks are still reachable in loss record 4 of 10
==654823==    at 0x4849013: operator new(unsigned long) (in /usr/libexec/valgrind/vgpreload_memcheck-amd64-linux.so)
==654823==    by 0x41365C: std::__new_allocator<std::_Rb_tree_node<std::pair<std::__cxx11::basic_string<char, std::char_traits<char>, std::allocator<char> > const, int> > >::allocate(unsigned long, void const*) (in /home/aryamamo/ft_irc/ircserv)
==654823==    by 0x4135F0: __gnu_cxx::__alloc_traits<std::allocator<std::_Rb_tree_node<std::pair<std::__cxx11::basic_string<char, std::char_traits<char>, std::allocator<char> > const, int> > >, std::_Rb_tree_node<std::pair<std::__cxx11::basic_string<char, std::char_traits<char>, std::allocator<char> > const, int> > >::allocate(std::allocator<std::_Rb_tree_node<std::pair<std::__cxx11::basic_string<char, std::char_traits<char>, std::allocator<char> > const, int> > >&, unsigned long) (in /home/aryamamo/ft_irc/ircserv)
==654823==    by 0x4134D1: std::_Rb_tree<std::__cxx11::basic_string<char, std::char_traits<char>, std::allocator<char> >, std::pair<std::__cxx11::basic_string<char, std::char_traits<char>, std::allocator<char> > const, int>, std::_Select1st<std::pair<std::__cxx11::basic_string<char, std::char_traits<char>, std::allocator<char> > const, int> >, std::less<std::__cxx11::basic_string<char, std::char_traits<char>, std::allocator<char> > >, std::allocator<std::pair<std::__cxx11::basic_string<char, std::char_traits<char>, std::allocator<char> > const, int> > >::_M_get_node() (in /home/aryamamo/ft_irc/ircserv)
==654823==    by 0x41348C: std::_Rb_tree<std::__cxx11::basic_string<char, std::char_traits<char>, std::allocator<char> >, std::pair<std::__cxx11::basic_string<char, std::char_traits<char>, std::allocator<char> > const, int>, std::_Select1st<std::pair<std::__cxx11::basic_string<char, std::char_traits<char>, std::allocator<char> > const, int> >, std::less<std::__cxx11::basic_string<char, std::char_traits<char>, std::allocator<char> > >, std::allocator<std::pair<std::__cxx11::basic_string<char, std::char_traits<char>, std::allocator<char> > const, int> > >::_M_create_node(std::pair<std::__cxx11::basic_string<char, std::char_traits<char>, std::allocator<char> > const, int> const&) (in /home/aryamamo/ft_irc/ircserv)
==654823==    by 0x41345F: std::_Rb_tree_node<std::pair<std::__cxx11::basic_string<char, std::char_traits<char>, std::allocator<char> > const, int> >* std::_Rb_tree<std::__cxx11::basic_string<char, std::char_traits<char>, std::allocator<char> >, std::pair<std::__cxx11::basic_string<char, std::char_traits<char>, std::allocator<char> > const, int>, std::_Select1st<std::pair<std::__cxx11::basic_string<char, std::char_traits<char>, std::allocator<char> > const, int> >, std::less<std::__cxx11::basic_string<char, std::char_traits<char>, std::allocator<char> > >, std::allocator<std::pair<std::__cxx11::basic_string<char, std::char_traits<char>, std::allocator<char> > const, int> > >::_Alloc_node::operator()<std::pair<std::__cxx11::basic_string<char, std::char_traits<char>, std::allocator<char> > const, int> >(std::pair<std::__cxx11::basic_string<char, std::char_traits<char>, std::allocator<char> > const, int> const&) const (in /home/aryamamo/ft_irc/ircserv)
==654823==    by 0x413133: std::_Rb_tree_iterator<std::pair<std::__cxx11::basic_string<char, std::char_traits<char>, std::allocator<char> > const, int> > std::_Rb_tree<std::__cxx11::basic_string<char, std::char_traits<char>, std::allocator<char> >, std::pair<std::__cxx11::basic_string<char, std::char_traits<char>, std::allocator<char> > const, int>, std::_Select1st<std::pair<std::__cxx11::basic_string<char, std::char_traits<char>, std::allocator<char> > const, int> >, std::less<std::__cxx11::basic_string<char, std::char_traits<char>, std::allocator<char> > >, std::allocator<std::pair<std::__cxx11::basic_string<char, std::char_traits<char>, std::allocator<char> > const, int> > >::_M_insert_<std::_Rb_tree<std::__cxx11::basic_string<char, std::char_traits<char>, std::allocator<char> >, std::pair<std::__cxx11::basic_string<char, std::char_traits<char>, std::allocator<char> > const, int>, std::_Select1st<std::pair<std::__cxx11::basic_string<char, std::char_traits<char>, std::allocator<char> > const, int> >, std::less<std::__cxx11::basic_string<char, std::char_traits<char>, std::allocator<char> > >, std::allocator<std::pair<std::__cxx11::basic_string<char, std::char_traits<char>, std::allocator<char> > const, int> > >::_Alloc_node>(std::_Rb_tree_node_base*, std::_Rb_tree_node_base*, std::pair<std::__cxx11::basic_string<char, std::char_traits<char>, std::allocator<char> > const, int> const&, std::_Rb_tree<std::__cxx11::basic_string<char, std::char_traits<char>, std::allocator<char> >, std::pair<std::__cxx11::basic_string<char, std::char_traits<char>, std::allocator<char> > const, int>, std::_Select1st<std::pair<std::__cxx11::basic_string<char, std::char_traits<char>, std::allocator<char> > const, int> >, std::less<std::__cxx11::basic_string<char, std::char_traits<char>, std::allocator<char> > >, std::allocator<std::pair<std::__cxx11::basic_string<char, std::char_traits<char>, std::allocator<char> > const, int> > >::_Alloc_node&) (in /home/aryamamo/ft_irc/ircserv)
==654823==    by 0x412CE0: std::_Rb_tree_iterator<std::pair<std::__cxx11::basic_string<char, std::char_traits<char>, std::allocator<char> > const, int> > std::_Rb_tree<std::__cxx11::basic_string<char, std::char_traits<char>, std::allocator<char> >, std::pair<std::__cxx11::basic_string<char, std::char_traits<char>, std::allocator<char> > const, int>, std::_Select1st<std::pair<std::__cxx11::basic_string<char, std::char_traits<char>, std::allocator<char> > const, int> >, std::less<std::__cxx11::basic_string<char, std::char_traits<char>, std::allocator<char> > >, std::allocator<std::pair<std::__cxx11::basic_string<char, std::char_traits<char>, std::allocator<char> > const, int> > >::_M_insert_unique_<std::_Rb_tree<std::__cxx11::basic_string<char, std::char_traits<char>, std::allocator<char> >, std::pair<std::__cxx11::basic_string<char, std::char_traits<char>, std::allocator<char> > const, int>, std::_Select1st<std::pair<std::__cxx11::basic_string<char, std::char_traits<char>, std::allocator<char> > const, int> >, std::less<std::__cxx11::basic_string<char, std::char_traits<char>, std::allocator<char> > >, std::allocator<std::pair<std::__cxx11::basic_string<char, std::char_traits<char>, std::allocator<char> > const, int> > >::_Alloc_node>(std::_Rb_tree_const_iterator<std::pair<std::__cxx11::basic_string<char, std::char_traits<char>, std::allocator<char> > const, int> >, std::pair<std::__cxx11::basic_string<char, std::char_traits<char>, std::allocator<char> > const, int> const&, std::_Rb_tree<std::__cxx11::basic_string<char, std::char_traits<char>, std::allocator<char> >, std::pair<std::__cxx11::basic_string<char, std::char_traits<char>, std::allocator<char> > const, int>, std::_Select1st<std::pair<std::__cxx11::basic_string<char, std::char_traits<char>, std::allocator<char> > const, int> >, std::less<std::__cxx11::basic_string<char, std::char_traits<char>, std::allocator<char> > >, std::allocator<std::pair<std::__cxx11::basic_string<char, std::char_traits<char>, std::allocator<char> > const, int> > >::_Alloc_node&) (in /home/aryamamo/ft_irc/ircserv)
==654823==    by 0x412C21: std::_Rb_tree<std::__cxx11::basic_string<char, std::char_traits<char>, std::allocator<char> >, std::pair<std::__cxx11::basic_string<char, std::char_traits<char>, std::allocator<char> > const, int>, std::_Select1st<std::pair<std::__cxx11::basic_string<char, std::char_traits<char>, std::allocator<char> > const, int> >, std::less<std::__cxx11::basic_string<char, std::char_traits<char>, std::allocator<char> > >, std::allocator<std::pair<std::__cxx11::basic_string<char, std::char_traits<char>, std::allocator<char> > const, int> > >::_M_insert_unique_(std::_Rb_tree_const_iterator<std::pair<std::__cxx11::basic_string<char, std::char_traits<char>, std::allocator<char> > const, int> >, std::pair<std::__cxx11::basic_string<char, std::char_traits<char>, std::allocator<char> > const, int> const&) (in /home/aryamamo/ft_irc/ircserv)
==654823==    by 0x412B29: std::map<std::__cxx11::basic_string<char, std::char_traits<char>, std::allocator<char> >, int, std::less<std::__cxx11::basic_string<char, std::char_traits<char>, std::allocator<char> > >, std::allocator<std::pair<std::__cxx11::basic_string<char, std::char_traits<char>, std::allocator<char> > const, int> > >::insert(std::_Rb_tree_iterator<std::pair<std::__cxx11::basic_string<char, std::char_traits<char>, std::allocator<char> > const, int> >, std::pair<std::__cxx11::basic_string<char, std::char_traits<char>, std::allocator<char> > const, int> const&) (in /home/aryamamo/ft_irc/ircserv)
==654823==    by 0x41272B: std::map<std::__cxx11::basic_string<char, std::char_traits<char>, std::allocator<char> >, int, std::less<std::__cxx11::basic_string<char, std::char_traits<char>, std::allocator<char> > >, std::allocator<std::pair<std::__cxx11::basic_string<char, std::char_traits<char>, std::allocator<char> > const, int> > >::operator[](std::__cxx11::basic_string<char, std::char_traits<char>, std::allocator<char> > const&) (in /home/aryamamo/ft_irc/ircserv)
==654823==    by 0x412491: Server::handleNick(int, std::__cxx11::basic_istringstream<char, std::char_traits<char>, std::allocator<char> >&) (in /home/aryamamo/ft_irc/ircserv)
==654823== 
==654823== 13,766 bytes in 102 blocks are still reachable in loss record 5 of 10
==654823==    at 0x4849013: operator new(unsigned long) (in /usr/libexec/valgrind/vgpreload_memcheck-amd64-linux.so)
==654823==    by 0x49BD0BD: std::__cxx11::basic_string<char, std::char_traits<char>, std::allocator<char> >::_M_mutate(unsigned long, unsigned long, char const*, unsigned long) (in /usr/lib/x86_64-linux-gnu/libstdc++.so.6.0.30)
==654823==    by 0x49BEB4F: std::__cxx11::basic_string<char, std::char_traits<char>, std::allocator<char> >::_M_append(char const*, unsigned long) (in /usr/lib/x86_64-linux-gnu/libstdc++.so.6.0.30)
==654823==    by 0x4053D4: Server::handleClient(int) (in /home/aryamamo/ft_irc/ircserv)
==654823==    by 0x40598F: Server::run() (in /home/aryamamo/ft_irc/ircserv)
==654823==    by 0x403AAE: main (in /home/aryamamo/ft_irc/ircserv)
==654823== 
==654823== 20,080 bytes in 502 blocks are still reachable in loss record 6 of 10
==654823==    at 0x4849013: operator new(unsigned long) (in /usr/libexec/valgrind/vgpreload_memcheck-amd64-linux.so)
==654823==    by 0x40BC2C: std::__new_allocator<std::_Rb_tree_node<int> >::allocate(unsigned long, void const*) (in /home/aryamamo/ft_irc/ircserv)
==654823==    by 0x40BBC0: __gnu_cxx::__alloc_traits<std::allocator<std::_Rb_tree_node<int> >, std::_Rb_tree_node<int> >::allocate(std::allocator<std::_Rb_tree_node<int> >&, unsigned long) (in /home/aryamamo/ft_irc/ircserv)
==654823==    by 0x40BAA1: std::_Rb_tree<int, int, std::_Identity<int>, std::less<int>, std::allocator<int> >::_M_get_node() (in /home/aryamamo/ft_irc/ircserv)
==654823==    by 0x40BA5C: std::_Rb_tree<int, int, std::_Identity<int>, std::less<int>, std::allocator<int> >::_M_create_node(int const&) (in /home/aryamamo/ft_irc/ircserv)
==654823==    by 0x40BA2F: std::_Rb_tree_node<int>* std::_Rb_tree<int, int, std::_Identity<int>, std::less<int>, std::allocator<int> >::_Alloc_node::operator()<int>(int const&) const (in /home/aryamamo/ft_irc/ircserv)
==654823==    by 0x40B843: std::_Rb_tree_iterator<int> std::_Rb_tree<int, int, std::_Identity<int>, std::less<int>, std::allocator<int> >::_M_insert_<std::_Rb_tree<int, int, std::_Identity<int>, std::less<int>, std::allocator<int> >::_Alloc_node>(std::_Rb_tree_node_base*, std::_Rb_tree_node_base*, int const&, std::_Rb_tree<int, int, std::_Identity<int>, std::less<int>, std::allocator<int> >::_Alloc_node&) (in /home/aryamamo/ft_irc/ircserv)
==654823==    by 0x40B519: std::_Rb_tree<int, int, std::_Identity<int>, std::less<int>, std::allocator<int> >::_M_insert_unique(int const&) (in /home/aryamamo/ft_irc/ircserv)
==654823==    by 0x40AE7C: std::set<int, std::less<int>, std::allocator<int> >::insert(int const&) (in /home/aryamamo/ft_irc/ircserv)
==654823==    by 0x40AA9F: Channel::addOperator(int) (in /home/aryamamo/ft_irc/ircserv)
==654823==    by 0x40E8D3: Server::handleJoin(int, std::__cxx11::basic_istringstream<char, std::char_traits<char>, std::allocator<char> >&) (in /home/aryamamo/ft_irc/ircserv)
==654823==    by 0x40D336: Server::processCommand(int, std::__cxx11::basic_string<char, std::char_traits<char>, std::allocator<char> > const&) (in /home/aryamamo/ft_irc/ircserv)
==654823== 
==654823== 22,032 bytes in 102 blocks are still reachable in loss record 7 of 10
==654823==    at 0x4849013: operator new(unsigned long) (in /usr/libexec/valgrind/vgpreload_memcheck-amd64-linux.so)
==654823==    by 0x409E3F: std::__new_allocator<std::_Rb_tree_node<std::pair<int const, Client> > >::allocate(unsigned long, void const*) (in /home/aryamamo/ft_irc/ircserv)
==654823==    by 0x409DD0: __gnu_cxx::__alloc_traits<std::allocator<std::_Rb_tree_node<std::pair<int const, Client> > >, std::_Rb_tree_node<std::pair<int const, Client> > >::allocate(std::allocator<std::_Rb_tree_node<std::pair<int const, Client> > >&, unsigned long) (in /home/aryamamo/ft_irc/ircserv)
==654823==    by 0x409CB1: std::_Rb_tree<int, std::pair<int const, Client>, std::_Select1st<std::pair<int const, Client> >, std::less<int>, std::allocator<std::pair<int const, Client> > >::_M_get_node() (in /home/aryamamo/ft_irc/ircserv)
==654823==    by 0x409C6C: std::_Rb_tree<int, std::pair<int const, Client>, std::_Select1st<std::pair<int const, Client> >, std::less<int>, std::allocator<std::pair<int const, Client> > >::_M_create_node(std::pair<int const, Client> const&) (in /home/aryamamo/ft_irc/ircserv)
==654823==    by 0x409C3F: std::_Rb_tree_node<std::pair<int const, Client> >* std::_Rb_tree<int, std::pair<int const, Client>, std::_Select1st<std::pair<int const, Client> >, std::less<int>, std::allocator<std::pair<int const, Client> > >::_Alloc_node::operator()<std::pair<int const, Client> >(std::pair<int const, Client> const&) const (in /home/aryamamo/ft_irc/ircserv)
==654823==    by 0x409943: std::_Rb_tree_iterator<std::pair<int const, Client> > std::_Rb_tree<int, std::pair<int const, Client>, std::_Select1st<std::pair<int const, Client> >, std::less<int>, std::allocator<std::pair<int const, Client> > >::_M_insert_<std::_Rb_tree<int, std::pair<int const, Client>, std::_Select1st<std::pair<int const, Client> >, std::less<int>, std::allocator<std::pair<int const, Client> > >::_Alloc_node>(std::_Rb_tree_node_base*, std::_Rb_tree_node_base*, std::pair<int const, Client> const&, std::_Rb_tree<int, std::pair<int const, Client>, std::_Select1st<std::pair<int const, Client> >, std::less<int>, std::allocator<std::pair<int const, Client> > >::_Alloc_node&) (in /home/aryamamo/ft_irc/ircserv)
==654823==    by 0x4094F0: std::_Rb_tree_iterator<std::pair<int const, Client> > std::_Rb_tree<int, std::pair<int const, Client>, std::_Select1st<std::pair<int const, Client> >, std::less<int>, std::allocator<std::pair<int const, Client> > >::_M_insert_unique_<std::_Rb_tree<int, std::pair<int const, Client>, std::_Select1st<std::pair<int const, Client> >, std::less<int>, std::allocator<std::pair<int const, Client> > >::_Alloc_node>(std::_Rb_tree_const_iterator<std::pair<int const, Client> >, std::pair<int const, Client> const&, std::_Rb_tree<int, std::pair<int const, Client>, std::_Select1st<std::pair<int const, Client> >, std::less<int>, std::allocator<std::pair<int const, Client> > >::_Alloc_node&) (in /home/aryamamo/ft_irc/ircserv)
==654823==    by 0x409451: std::_Rb_tree<int, std::pair<int const, Client>, std::_Select1st<std::pair<int const, Client> >, std::less<int>, std::allocator<std::pair<int const, Client> > >::_M_insert_unique_(std::_Rb_tree_const_iterator<std::pair<int const, Client> >, std::pair<int const, Client> const&) (in /home/aryamamo/ft_irc/ircserv)
==654823==    by 0x409359: std::map<int, Client, std::less<int>, std::allocator<std::pair<int const, Client> > >::insert(std::_Rb_tree_iterator<std::pair<int const, Client> >, std::pair<int const, Client> const&) (in /home/aryamamo/ft_irc/ircserv)
==654823==    by 0x4067E2: std::map<int, Client, std::less<int>, std::allocator<std::pair<int const, Client> > >::operator[](int const&) (in /home/aryamamo/ft_irc/ircserv)
==654823==    by 0x40572B: Server::acceptNewClient() (in /home/aryamamo/ft_irc/ircserv)
==654823== 
==654823== 24,040 bytes in 601 blocks are still reachable in loss record 8 of 10
==654823==    at 0x4849013: operator new(unsigned long) (in /usr/libexec/valgrind/vgpreload_memcheck-amd64-linux.so)
==654823==    by 0x40BC2C: std::__new_allocator<std::_Rb_tree_node<int> >::allocate(unsigned long, void const*) (in /home/aryamamo/ft_irc/ircserv)
==654823==    by 0x40BBC0: __gnu_cxx::__alloc_traits<std::allocator<std::_Rb_tree_node<int> >, std::_Rb_tree_node<int> >::allocate(std::allocator<std::_Rb_tree_node<int> >&, unsigned long) (in /home/aryamamo/ft_irc/ircserv)
==654823==    by 0x40BAA1: std::_Rb_tree<int, int, std::_Identity<int>, std::less<int>, std::allocator<int> >::_M_get_node() (in /home/aryamamo/ft_irc/ircserv)
==654823==    by 0x40BA5C: std::_Rb_tree<int, int, std::_Identity<int>, std::less<int>, std::allocator<int> >::_M_create_node(int const&) (in /home/aryamamo/ft_irc/ircserv)
==654823==    by 0x40BA2F: std::_Rb_tree_node<int>* std::_Rb_tree<int, int, std::_Identity<int>, std::less<int>, std::allocator<int> >::_Alloc_node::operator()<int>(int const&) const (in /home/aryamamo/ft_irc/ircserv)
==654823==    by 0x40B843: std::_Rb_tree_iterator<int> std::_Rb_tree<int, int, std::_Identity<int>, std::less<int>, std::allocator<int> >::_M_insert_<std::_Rb_tree<int, int, std::_Identity<int>, std::less<int>, std::allocator<int> >::_Alloc_node>(std::_Rb_tree_node_base*, std::_Rb_tree_node_base*, int const&, std::_Rb_tree<int, int, std::_Identity<int>, std::less<int>, std::allocator<int> >::_Alloc_node&) (in /home/aryamamo/ft_irc/ircserv)
==654823==    by 0x40B519: std::_Rb_tree<int, int, std::_Identity<int>, std::less<int>, std::allocator<int> >::_M_insert_unique(int const&) (in /home/aryamamo/ft_irc/ircserv)
==654823==    by 0x40AE7C: std::set<int, std::less<int>, std::allocator<int> >::insert(int const&) (in /home/aryamamo/ft_irc/ircserv)
==654823==    by 0x40A9BF: Channel::addMember(int) (in /home/aryamamo/ft_irc/ircserv)
==654823==    by 0x40E84C: Server::handleJoin(int, std::__cxx11::basic_istringstream<char, std::char_traits<char>, std::allocator<char> >&) (in /home/aryamamo/ft_irc/ircserv)
==654823==    by 0x40D336: Server::processCommand(int, std::__cxx11::basic_string<char, std::char_traits<char>, std::allocator<char> > const&) (in /home/aryamamo/ft_irc/ircserv)
==654823== 
==654823== 72,704 bytes in 1 blocks are still reachable in loss record 9 of 10
==654823==    at 0x4848899: malloc (in /usr/libexec/valgrind/vgpreload_memcheck-amd64-linux.so)
==654823==    by 0x491B939: ??? (in /usr/lib/x86_64-linux-gnu/libstdc++.so.6.0.30)
==654823==    by 0x400647D: call_init.part.0 (dl-init.c:70)
==654823==    by 0x4006567: call_init (dl-init.c:33)
==654823==    by 0x4006567: _dl_init (dl-init.c:117)
==654823==    by 0x40202C9: ??? (in /usr/lib/x86_64-linux-gnu/ld-linux-x86-64.so.2)
==654823==    by 0x2: ???
==654823==    by 0x1FFF00023A: ???
==654823==    by 0x1FFF000244: ???
==654823==    by 0x1FFF000249: ???
==654823== 
==654823== 164,656 bytes in 502 blocks are still reachable in loss record 10 of 10
==654823==    at 0x4849013: operator new(unsigned long) (in /usr/libexec/valgrind/vgpreload_memcheck-amd64-linux.so)
==654823==    by 0x410B2F: std::__new_allocator<std::_Rb_tree_node<std::pair<std::__cxx11::basic_string<char, std::char_traits<char>, std::allocator<char> > const, Channel> > >::allocate(unsigned long, void const*) (in /home/aryamamo/ft_irc/ircserv)
==654823==    by 0x410AC0: __gnu_cxx::__alloc_traits<std::allocator<std::_Rb_tree_node<std::pair<std::__cxx11::basic_string<char, std::char_traits<char>, std::allocator<char> > const, Channel> > >, std::_Rb_tree_node<std::pair<std::__cxx11::basic_string<char, std::char_traits<char>, std::allocator<char> > const, Channel> > >::allocate(std::allocator<std::_Rb_tree_node<std::pair<std::__cxx11::basic_string<char, std::char_traits<char>, std::allocator<char> > const, Channel> > >&, unsigned long) (in /home/aryamamo/ft_irc/ircserv)
==654823==    by 0x4109A1: std::_Rb_tree<std::__cxx11::basic_string<char, std::char_traits<char>, std::allocator<char> >, std::pair<std::__cxx11::basic_string<char, std::char_traits<char>, std::allocator<char> > const, Channel>, std::_Select1st<std::pair<std::__cxx11::basic_string<char, std::char_traits<char>, std::allocator<char> > const, Channel> >, std::less<std::__cxx11::basic_string<char, std::char_traits<char>, std::allocator<char> > >, std::allocator<std::pair<std::__cxx11::basic_string<char, std::char_traits<char>, std::allocator<char> > const, Channel> > >::_M_get_node() (in /home/aryamamo/ft_irc/ircserv)
==654823==    by 0x41095C: std::_Rb_tree<std::__cxx11::basic_string<char, std::char_traits<char>, std::allocator<char> >, std::pair<std::__cxx11::basic_string<char, std::char_traits<char>, std::allocator<char> > const, Channel>, std::_Select1st<std::pair<std::__cxx11::basic_string<char, std::char_traits<char>, std::allocator<char> > const, Channel> >, std::less<std::__cxx11::basic_string<char, std::char_traits<char>, std::allocator<char> > >, std::allocator<std::pair<std::__cxx11::basic_string<char, std::char_traits<char>, std::allocator<char> > const, Channel> > >::_M_create_node(std::pair<std::__cxx11::basic_string<char, std::char_traits<char>, std::allocator<char> > const, Channel> const&) (in /home/aryamamo/ft_irc/ircserv)
==654823==    by 0x41092F: std::_Rb_tree_node<std::pair<std::__cxx11::basic_string<char, std::char_traits<char>, std::allocator<char> > const, Channel> >* std::_Rb_tree<std::__cxx11::basic_string<char, std::char_traits<char>, std::allocator<char> >, std::pair<std::__cxx11::basic_string<char, std::char_traits<char>, std::allocator<char> > const, Channel>, std::_Select1st<std::pair<std::__cxx11::basic_string<char, std::char_traits<char>, std::allocator<char> > const, Channel> >, std::less<std::__cxx11::basic_string<char, std::char_traits<char>, std::allocator<char> > >, std::allocator<std::pair<std::__cxx11::basic_string<char, std::char_traits<char>, std::allocator<char> > const, Channel> > >::_Alloc_node::operator()<std::pair<std::__cxx11::basic_string<char, std::char_traits<char>, std::allocator<char> > const, Channel> >(std::pair<std::__cxx11::basic_string<char, std::char_traits<char>, std::allocator<char> > const, Channel> const&) const (in /home/aryamamo/ft_irc/ircserv)
==654823==    by 0x410603: std::_Rb_tree_iterator<std::pair<std::__cxx11::basic_string<char, std::char_traits<char>, std::allocator<char> > const, Channel> > std::_Rb_tree<std::__cxx11::basic_string<char, std::char_traits<char>, std::allocator<char> >, std::pair<std::__cxx11::basic_string<char, std::char_traits<char>, std::allocator<char> > const, Channel>, std::_Select1st<std::pair<std::__cxx11::basic_string<char, std::char_traits<char>, std::allocator<char> > const, Channel> >, std::less<std::__cxx11::basic_string<char, std::char_traits<char>, std::allocator<char> > >, std::allocator<std::pair<std::__cxx11::basic_string<char, std::char_traits<char>, std::allocator<char> > const, Channel> > >::_M_insert_<std::_Rb_tree<std::__cxx11::basic_string<char, std::char_traits<char>, std::allocator<char> >, std::pair<std::__cxx11::basic_string<char, std::char_traits<char>, std::allocator<char> > const, Channel>, std::_Select1st<std::pair<std::__cxx11::basic_string<char, std::char_traits<char>, std::allocator<char> > const, Channel> >, std::less<std::__cxx11::basic_string<char, std::char_traits<char>, std::allocator<char> > >, std::allocator<std::pair<std::__cxx11::basic_string<char, std::char_traits<char>, std::allocator<char> > const, Channel> > >::_Alloc_node>(std::_Rb_tree_node_base*, std::_Rb_tree_node_base*, std::pair<std::__cxx11::basic_string<char, std::char_traits<char>, std::allocator<char> > const, Channel> const&, std::_Rb_tree<std::__cxx11::basic_string<char, std::char_traits<char>, std::allocator<char> >, std::pair<std::__cxx11::basic_string<char, std::char_traits<char>, std::allocator<char> > const, Channel>, std::_Select1st<std::pair<std::__cxx11::basic_string<char, std::char_traits<char>, std::allocator<char> > const, Channel> >, std::less<std::__cxx11::basic_string<char, std::char_traits<char>, std::allocator<char> > >, std::allocator<std::pair<std::__cxx11::basic_string<char, std::char_traits<char>, std::allocator<char> > const, Channel> > >::_Alloc_node&) (in /home/aryamamo/ft_irc/ircserv)
==654823==    by 0x4101B0: std::_Rb_tree_iterator<std::pair<std::__cxx11::basic_string<char, std::char_traits<char>, std::allocator<char> > const, Channel> > std::_Rb_tree<std::__cxx11::basic_string<char, std::char_traits<char>, std::allocator<char> >, std::pair<std::__cxx11::basic_string<char, std::char_traits<char>, std::allocator<char> > const, Channel>, std::_Select1st<std::pair<std::__cxx11::basic_string<char, std::char_traits<char>, std::allocator<char> > const, Channel> >, std::less<std::__cxx11::basic_string<char, std::char_traits<char>, std::allocator<char> > >, std::allocator<std::pair<std::__cxx11::basic_string<char, std::char_traits<char>, std::allocator<char> > const, Channel> > >::_M_insert_unique_<std::_Rb_tree<std::__cxx11::basic_string<char, std::char_traits<char>, std::allocator<char> >, std::pair<std::__cxx11::basic_string<char, std::char_traits<char>, std::allocator<char> > const, Channel>, std::_Select1st<std::pair<std::__cxx11::basic_string<char, std::char_traits<char>, std::allocator<char> > const, Channel> >, std::less<std::__cxx11::basic_string<char, std::char_traits<char>, std::allocator<char> > >, std::allocator<std::pair<std::__cxx11::basic_string<char, std::char_traits<char>, std::allocator<char> > const, Channel> > >::_Alloc_node>(std::_Rb_tree_const_iterator<std::pair<std::__cxx11::basic_string<char, std::char_traits<char>, std::allocator<char> > const, Channel> >, std::pair<std::__cxx11::basic_string<char, std::char_traits<char>, std::allocator<char> > const, Channel> const&, std::_Rb_tree<std::__cxx11::basic_string<char, std::char_traits<char>, std::allocator<char> >, std::pair<std::__cxx11::basic_string<char, std::char_traits<char>, std::allocator<char> > const, Channel>, std::_Select1st<std::pair<std::__cxx11::basic_string<char, std::char_traits<char>, std::allocator<char> > const, Channel> >, std::less<std::__cxx11::basic_string<char, std::char_traits<char>, std::allocator<char> > >, std::allocator<std::pair<std::__cxx11::basic_string<char, std::char_traits<char>, std::allocator<char> > const, Channel> > >::_Alloc_node&) (in /home/aryamamo/ft_irc/ircserv)
==654823==    by 0x4100F1: std::_Rb_tree<std::__cxx11::basic_string<char, std::char_traits<char>, std::allocator<char> >, std::pair<std::__cxx11::basic_string<char, std::char_traits<char>, std::allocator<char> > const, Channel>, std::_Select1st<std::pair<std::__cxx11::basic_string<char, std::char_traits<char>, std::allocator<char> > const, Channel> >, std::less<std::__cxx11::basic_string<char, std::char_traits<char>, std::allocator<char> > >, std::allocator<std::pair<std::__cxx11::basic_string<char, std::char_traits<char>, std::allocator<char> > const, Channel> > >::_M_insert_unique_(std::_Rb_tree_const_iterator<std::pair<std::__cxx11::basic_string<char, std::char_traits<char>, std::allocator<char> > const, Channel> >, std::pair<std::__cxx11::basic_string<char, std::char_traits<char>, std::allocator<char> > const, Channel> const&) (in /home/aryamamo/ft_irc/ircserv)
==654823==    by 0x40FFB9: std::map<std::__cxx11::basic_string<char, std::char_traits<char>, std::allocator<char> >, Channel, std::less<std::__cxx11::basic_string<char, std::char_traits<char>, std::allocator<char> > >, std::allocator<std::pair<std::__cxx11::basic_string<char, std::char_traits<char>, std::allocator<char> > const, Channel> > >::insert(std::_Rb_tree_iterator<std::pair<std::__cxx11::basic_string<char, std::char_traits<char>, std::allocator<char> > const, Channel> >, std::pair<std::__cxx11::basic_string<char, std::char_traits<char>, std::allocator<char> > const, Channel> const&) (in /home/aryamamo/ft_irc/ircserv)
==654823==    by 0x40F222: std::map<std::__cxx11::basic_string<char, std::char_traits<char>, std::allocator<char> >, Channel, std::less<std::__cxx11::basic_string<char, std::char_traits<char>, std::allocator<char> > >, std::allocator<std::pair<std::__cxx11::basic_string<char, std::char_traits<char>, std::allocator<char> > const, Channel> > >::operator[](std::__cxx11::basic_string<char, std::char_traits<char>, std::allocator<char> > const&) (in /home/aryamamo/ft_irc/ircserv)
==654823==    by 0x40E420: Server::handleJoin(int, std::__cxx11::basic_istringstream<char, std::char_traits<char>, std::allocator<char> >&) (in /home/aryamamo/ft_irc/ircserv)
==654823== 
==654823== LEAK SUMMARY:
==654823==    definitely lost: 0 bytes in 0 blocks
==654823==    indirectly lost: 0 bytes in 0 blocks
==654823==      possibly lost: 0 bytes in 0 blocks
==654823==    still reachable: 337,086 bytes in 2,016 blocks
==654823==         suppressed: 0 bytes in 0 blocks
==654823== 
==654823== For lists of detected and suppressed errors, rerun with: -s
==654823== ERROR SUMMARY: 0 errors from 0 contexts (suppressed: 0 from 0)
